[08/10/2022 01:10:26] Debug: Session id: 4e62b47e-b924-4144-b6a5-74baeaa3c417
[08/10/2022 01:10:26] Debug: Code Processor information: Name :SnowConvert, Version: 7.11.61.0
[08/10/2022 01:10:27] Debug: Getting license
[08/10/2022 01:10:27] Debug: License information
	Status: Failed
	Message: No active license available.
[08/10/2022 01:10:27] Info: Starting to validate parameters
[08/10/2022 01:10:27] Info: Parameters to validate: 
	Execution mode: Conversion
	LICENSE_KEY: a3372138-b87e-4a08-b929-3b48b24c63f1
[08/10/2022 01:10:27] Info: Validation of parameters: Success
[08/10/2022 01:10:27] Debug: Getting code descriptor
[08/10/2022 01:10:27] Debug: Code descriptor information
	Units: 51
	Units type: LOC
	All file bytes: 2141
	All found extensions: .sql,.dml,.ddl,.bteq,.btq,.fl,.fload,.ml,.mload,.mld,.tp,.tpump,.tpt
[08/10/2022 01:10:27] Debug: Calculating fingerprint
[08/10/2022 01:10:27] Debug: Fingerprint information Fingerprint(size=2141,projects=1)
[08/10/2022 01:10:27] Info: Starting to try to validate online license for execution
[08/10/2022 01:10:28] Debug: Getting license
[08/10/2022 01:10:28] Debug: License information
	Status: Failed
	Message: No active license available.
[08/10/2022 01:10:28] Debug: Starting the execution of the controller
[08/10/2022 01:10:29] Debug: Executing the worker: SnowConvert
[08/10/2022 01:10:42] Debug: Finished executing the worker: SnowConvert
[08/10/2022 01:10:44] Info: Controller execution ended
